<?xml version="1.0" encoding="UTF-8"?>
<!-- Generated by org.testng.reporters.JUnitXMLReporter -->
<testsuite ignored="0" hostname="DESKTOP-8JTJ3RQ" failures="0" tests="4" name="login" time="56.002" errors="0" timestamp="2022-02-21T17:56:29 IST">
  <testcase classname="Ddf.LogIn" name="logindf" time="16.858"/>
  <testcase classname="Ddf.LogIn" name="logindf" time="12.004"/>
  <testcase classname="Ddf.LogIn" name="logindf" time="14.838"/>
  <testcase classname="Ddf.LogIn" name="logindf" time="12.192"/>
</testsuite> <!-- login -->
