<?xml version="1.0" encoding="UTF-8"?>
<!-- Generated by org.testng.reporters.JUnitXMLReporter -->
<testsuite ignored="0" hostname="DESKTOP-8JTJ3RQ" failures="0" tests="4" name="login test cases" time="96.103" errors="0" timestamp="2022-02-18T17:37:20 IST">
  <testcase classname="loginTestCases.Bothcorrect" name="loginwithbothcorrect" time="27.555"/>
  <testcase classname="loginTestCases.Bothincorrect" name="loginwithbothincorrect" time="22.496"/>
  <testcase classname="loginTestCases.CorrectPAssword" name="loginwithcorrectpassword" time="20.679"/>
  <testcase classname="loginTestCases.CorrectUserName" name="loginwithcorrectusername" time="25.208"/>
</testsuite> <!-- login test cases -->
