<?xml version="1.0" encoding="UTF-8"?>
<testng-results ignored="0" total="4" passed="4" failed="0" skipped="0">
  <reporter-output>
  </reporter-output>
  <suite started-at="2022-02-21T17:55:33 IST" name="login suit" finished-at="2022-02-21T17:56:29 IST" duration-ms="56002">
    <groups>
    </groups>
    <test started-at="2022-02-21T17:55:33 IST" name="login" finished-at="2022-02-21T17:56:29 IST" duration-ms="56002">
      <class name="Ddf.LogIn">
        <test-method signature="logindf(java.lang.String,java.lang.String)[pri:0, instance:Ddf.LogIn@4034c28c]" started-at="2022-02-21T17:55:34 IST" name="logindf" data-provider="loginData" finished-at="2022-02-21T17:55:50 IST" duration-ms="16858" status="PASS">
          <params>
            <param index="0">
              <value>
                <![CDATA[Admin1]]>
              </value>
            </param>
            <param index="1">
              <value>
                <![CDATA[admin]]>
              </value>
            </param>
          </params>
          <reporter-output>
          </reporter-output>
        </test-method> <!-- logindf -->
        <test-method signature="logindf(java.lang.String,java.lang.String)[pri:0, instance:Ddf.LogIn@4034c28c]" started-at="2022-02-21T17:55:50 IST" name="logindf" data-provider="loginData" finished-at="2022-02-21T17:56:02 IST" duration-ms="12004" status="PASS">
          <params>
            <param index="0">
              <value>
                <![CDATA[Admifn1]]>
              </value>
            </param>
            <param index="1">
              <value>
                <![CDATA[adgmin]]>
              </value>
            </param>
          </params>
          <reporter-output>
          </reporter-output>
        </test-method> <!-- logindf -->
        <test-method signature="logindf(java.lang.String,java.lang.String)[pri:0, instance:Ddf.LogIn@4034c28c]" started-at="2022-02-21T17:56:02 IST" name="logindf" data-provider="loginData" finished-at="2022-02-21T17:56:17 IST" duration-ms="14838" status="PASS">
          <params>
            <param index="0">
              <value>
                <![CDATA[Admin1]]>
              </value>
            </param>
            <param index="1">
              <value>
                <![CDATA[admihn]]>
              </value>
            </param>
          </params>
          <reporter-output>
          </reporter-output>
        </test-method> <!-- logindf -->
        <test-method signature="logindf(java.lang.String,java.lang.String)[pri:0, instance:Ddf.LogIn@4034c28c]" started-at="2022-02-21T17:56:17 IST" name="logindf" data-provider="loginData" finished-at="2022-02-21T17:56:29 IST" duration-ms="12192" status="PASS">
          <params>
            <param index="0">
              <value>
                <![CDATA[Admvin1]]>
              </value>
            </param>
            <param index="1">
              <value>
                <![CDATA[admin]]>
              </value>
            </param>
          </params>
          <reporter-output>
          </reporter-output>
        </test-method> <!-- logindf -->
      </class> <!-- Ddf.LogIn -->
    </test> <!-- login -->
  </suite> <!-- login suit -->
</testng-results>
